<?xml version="1.0" encoding="UTF-8"?>
<!-- Generated by org.testng.reporters.JUnitReportReporter -->
<testsuite hostname="DESKTOP-5NCLBUD" failures="0" tests="3" name="tests.TedScenario" time="34.452" errors="0" timestamp="2022-02-25T21:27:15 EET" skipped="0">
  <testcase classname="tests.TedScenario" name="user_Can_Open_Apps" time="17.319"/>
  <system-out/>
  <testcase classname="tests.TedScenario" name="user_can_select_education_from_category" time="8.541"/>
  <system-out/>
  <testcase classname="tests.TedScenario" name="user_can_search_for_TED_application" time="8.592"/>
  <system-out/>
</testsuite> <!-- tests.TedScenario -->
