<?xml version="1.0" encoding="UTF-8"?>
<!-- Generated by org.testng.reporters.JUnitReportReporter -->
<testsuite hostname="DESKTOP-5NCLBUD" failures="0" tests="1" name="tests.FacebookScenario" time="10.590" errors="0" timestamp="2022-02-25T21:27:15 EET" skipped="0">
  <testcase classname="tests.FacebookScenario" name="user_can_search_for_facebook" time="10.590"/>
  <system-out/>
</testsuite> <!-- tests.FacebookScenario -->
